0 info it worked if it ends with ok
1 verbose cli [ 'D:\\nodejs\\\\node.exe',
1 verbose cli   'D:\\nodejs\\node_modules\\npm\\bin\\npm-cli.js',
1 verbose cli   'install',
1 verbose cli   'requires-ports' ]
2 info using npm@1.4.28
3 info using node@v0.10.35
4 verbose node symlink D:\nodejs\\node.exe
5 verbose readDependencies using package.json deps
6 verbose cache add [ 'requires-ports', null ]
7 verbose cache add name=undefined spec="requires-ports" args=["requires-ports",null]
8 verbose parsed url { protocol: null,
8 verbose parsed url   slashes: null,
8 verbose parsed url   auth: null,
8 verbose parsed url   host: null,
8 verbose parsed url   port: null,
8 verbose parsed url   hostname: null,
8 verbose parsed url   hash: null,
8 verbose parsed url   search: null,
8 verbose parsed url   query: null,
8 verbose parsed url   pathname: 'requires-ports',
8 verbose parsed url   path: 'requires-ports',
8 verbose parsed url   href: 'requires-ports' }
9 silly lockFile f1901c5d-requires-ports requires-ports
10 verbose lock requires-ports C:\Users\Maddie\AppData\Roaming\npm-cache\f1901c5d-requires-ports.lock
11 silly lockFile f1901c5d-requires-ports requires-ports
12 silly lockFile f1901c5d-requires-ports requires-ports
13 verbose addNamed [ 'requires-ports', '' ]
14 verbose addNamed [ null, '*' ]
15 silly lockFile a87664df-requires-ports requires-ports@
16 verbose lock requires-ports@ C:\Users\Maddie\AppData\Roaming\npm-cache\a87664df-requires-ports.lock
17 silly addNameRange { name: 'requires-ports', range: '*', hasData: false }
18 verbose request where is /requires-ports
19 verbose request registry https://registry.npmjs.org/
20 verbose request id 7b512154ff350074
21 verbose url raw /requires-ports
22 verbose url resolving [ 'https://registry.npmjs.org/', './requires-ports' ]
23 verbose url resolved https://registry.npmjs.org/requires-ports
24 verbose request where is https://registry.npmjs.org/requires-ports
25 info trying registry request attempt 1 at 15:44:25
26 http GET https://registry.npmjs.org/requires-ports
27 http 404 https://registry.npmjs.org/requires-ports
28 verbose headers { date: 'Wed, 25 Mar 2015 20:44:29 GMT',
28 verbose headers   server: 'CouchDB/1.5.0 (Erlang OTP/R16B03)',
28 verbose headers   'content-type': 'application/json',
28 verbose headers   'cache-control': 'max-age=0',
28 verbose headers   'content-length': '51',
28 verbose headers   'accept-ranges': 'bytes',
28 verbose headers   via: '1.1 varnish',
28 verbose headers   age: '0',
28 verbose headers   'x-served-by': 'cache-ord1725-ORD',
28 verbose headers   'x-cache': 'MISS',
28 verbose headers   'x-cache-hits': '0',
28 verbose headers   'x-timer': 'S1427316269.239510,VS0,VE68',
28 verbose headers   'keep-alive': 'timeout=10, max=50',
28 verbose headers   connection: 'Keep-Alive' }
29 silly registry.get cb [ 404,
29 silly registry.get   { date: 'Wed, 25 Mar 2015 20:44:29 GMT',
29 silly registry.get     server: 'CouchDB/1.5.0 (Erlang OTP/R16B03)',
29 silly registry.get     'content-type': 'application/json',
29 silly registry.get     'cache-control': 'max-age=0',
29 silly registry.get     'content-length': '51',
29 silly registry.get     'accept-ranges': 'bytes',
29 silly registry.get     via: '1.1 varnish',
29 silly registry.get     age: '0',
29 silly registry.get     'x-served-by': 'cache-ord1725-ORD',
29 silly registry.get     'x-cache': 'MISS',
29 silly registry.get     'x-cache-hits': '0',
29 silly registry.get     'x-timer': 'S1427316269.239510,VS0,VE68',
29 silly registry.get     'keep-alive': 'timeout=10, max=50',
29 silly registry.get     connection: 'Keep-Alive' } ]
30 silly lockFile a87664df-requires-ports requires-ports@
31 silly lockFile a87664df-requires-ports requires-ports@
32 error 404 404 Not Found: requires-ports
32 error 404
32 error 404 'requires-ports' is not in the npm registry.
32 error 404 You should bug the author to publish it
32 error 404 It was specified as a dependency of 'PizzaForYou'
32 error 404
32 error 404 Note that you can also install from a
32 error 404 tarball, folder, or http url, or git url.
33 error System Windows_NT 6.1.7601
34 error command "D:\\nodejs\\\\node.exe" "D:\\nodejs\\node_modules\\npm\\bin\\npm-cli.js" "install" "requires-ports"
35 error cwd C:\Users\Maddie\Documents\GitHub\PizzaForYou
36 error node -v v0.10.35
37 error npm -v 1.4.28
38 error code E404
39 verbose exit [ 1, true ]
